{
"src/app/services/Login.service.ts":{"path":"src/app/services/Login.service.ts","statementMap":{"1":{"start":{"line":1,"column":0},"end":{"line":1,"column":43}},"2":{"start":{"line":5,"column":0},"end":{"line":21,"column":1}},"3":{"start":{"line":8,"column":4},"end":{"line":8,"column":21}},"4":{"start":{"line":6,"column":12},"end":{"line":6,"column":40}},"5":{"start":{"line":10,"column":4},"end":{"line":12,"column":5}},"6":{"start":{"line":11,"column":8},"end":{"line":11,"column":31}},"7":{"start":{"line":14,"column":4},"end":{"line":16,"column":5}},"8":{"start":{"line":15,"column":8},"end":{"line":15,"column":32}},"9":{"start":{"line":18,"column":4},"end":{"line":20,"column":5}},"10":{"start":{"line":19,"column":8},"end":{"line":19,"column":31}},"11":{"start":{"line":21,"column":0},"end":{"line":21,"column":1}},"12":{"start":{"line":5,"column":13},"end":{"line":5,"column":25}}},"fnMap":{"1":{"name":"(anonymous_1)","line":5,"loc":{"start":{"line":5,"column":0},"end":{"line":null,"column":-1}}},"2":{"name":"LoginService","line":8,"loc":{"start":{"line":8,"column":4},"end":{"line":null,"column":-1}}},"3":{"name":"(anonymous_3)","line":10,"loc":{"start":{"line":10,"column":4},"end":{"line":null,"column":-1}}},"4":{"name":"(anonymous_4)","line":14,"loc":{"start":{"line":14,"column":4},"end":{"line":null,"column":-1}}},"5":{"name":"(anonymous_5)","line":18,"loc":{"start":{"line":18,"column":4},"end":{"line":null,"column":-1}}}},"branchMap":{},"s":{"1":1,"2":2,"3":1,"4":4,"5":1,"6":1,"7":1,"8":1,"9":1,"10":3,"11":1,"12":1},"b":{},"f":{"1":1,"2":4,"3":1,"4":1,"5":3},"l":{"1":1,"5":2,"6":4,"8":1,"10":1,"11":1,"14":1,"15":1,"18":1,"19":3,"21":1}},
"src/app/services/IsLoggedInGuard.ts":{"path":"src/app/services/IsLoggedInGuard.ts","statementMap":{"1":{"start":{"line":1,"column":0},"end":{"line":1,"column":45}},"2":{"start":{"line":4,"column":0},"end":{"line":4,"column":47}},"3":{"start":{"line":7,"column":0},"end":{"line":13,"column":1}},"4":{"start":{"line":8,"column":4},"end":{"line":8,"column":55}},"5":{"start":{"line":8,"column":25},"end":{"line":8,"column":51}},"6":{"start":{"line":10,"column":4},"end":{"line":12,"column":5}},"7":{"start":{"line":11,"column":8},"end":{"line":11,"column":45}},"8":{"start":{"line":13,"column":0},"end":{"line":13,"column":1}},"9":{"start":{"line":7,"column":13},"end":{"line":7,"column":28}}},"fnMap":{"1":{"name":"(anonymous_1)","line":7,"loc":{"start":{"line":7,"column":0},"end":{"line":null,"column":-1}}},"2":{"name":"IsLoggedInGuard","line":8,"loc":{"start":{"line":8,"column":4},"end":{"line":8,"column":51}}},"3":{"name":"(anonymous_3)","line":10,"loc":{"start":{"line":10,"column":4},"end":{"line":null,"column":-1}}}},"branchMap":{},"s":{"1":1,"2":1,"3":2,"4":1,"5":1,"6":1,"7":0,"8":1,"9":1},"b":{},"f":{"1":1,"2":1,"3":0},"l":{"1":1,"4":1,"7":2,"8":1,"10":1,"11":0,"13":1}}}
